
******************* Multi Line Comment Starts at Line = 1 *******************
| Rule: logical_OR_expression => logical_AND_expression |
| Rule: logical_OR_expression => logical_AND_expression |
| Rule: logical_OR_expression => logical_AND_expression |
| Rule: logical_OR_expression => logical_AND_expression |
| Rule: logical_OR_expression => logical_AND_expression |
| Rule: logical_OR_expression => logical_AND_expression |
| Rule: logical_OR_expression => logical_AND_expression |
| Rule: logical_OR_expression => logical_AND_expression |
| Rule: logical_OR_expression => logical_AND_expression |
| Rule: logical_OR_expression => logical_AND_expression |
| Rule: logical_OR_expression => logical_AND_expression |
| Rule: logical_OR_expression => logical_AND_expression |
| Rule: logical_OR_expression => logical_AND_expression |
| Rule: logical_OR_expression => logical_AND_expression |
| Rule: logical_OR_expression => logical_AND_expression |
| Rule: logical_OR_expression => logical_AND_expression |
| Rule: logical_OR_expression => logical_AND_expression |
| Rule: logical_OR_expression => logical_AND_expression |
| Rule: logical_OR_expression => logical_AND_expression |
| Rule: logical_OR_expression => logical_AND_expression |
| Rule: logical_OR_expression => logical_AND_expression |
| Rule: logical_OR_expression => logical_AND_expression |
| Rule: logical_OR_expression => logical_AND_expression |
| Rule: logical_OR_expression => logical_AND_expression |
| Rule: logical_OR_expression => logical_AND_expression |
| Rule: logical_OR_expression => logical_AND_expression |
| Rule: logical_OR_expression => logical_AND_expression |
| Rule: logical_OR_expression => logical_AND_expression |
| Rule: logical_OR_expression => logical_AND_expression |
| Rule: logical_OR_expression => logical_AND_expression |
| Rule: logical_OR_expression => logical_AND_expression |
| Rule: logical_OR_expression => logical_AND_expression |
| Rule: logical_OR_expression => logical_AND_expression |

--------------------------------------------------------------------------------------------------------------
Three Address Code (TAC): 
--------------------------------------------------------------------------------------------------------------

0: getMaxOfThree: 
1:     t0 = 1
2:     t1 = -t0
3:     ans = t1
4:     if a >= b goto 7
5:     goto 16
6:     goto 16

7: getMaxOfThree.$0: 
8:     if a >= c goto 11
9:     goto 14
10:     goto 14

11: getMaxOfThree.$0.$1: 
12:     ans = a
13:     goto 14
14:     ans = c
15:     goto 16
16:     if b >= c goto 19
17:     goto 28
18:     goto 28

19: getMaxOfThree.$2: 
20:     if b >= a goto 23
21:     goto 26
22:     goto 26

23: getMaxOfThree.$2.$3: 
24:     ans = b
25:     goto 26
26:     ans = a
27:     goto 28
28:     if c >= a goto 31
29:     goto 40
30:     goto 40

31: getMaxOfThree.$4: 
32:     if c >= b goto 35
33:     goto 38
34:     goto 38

35: getMaxOfThree.$4.$5: 
36:     ans = c
37:     goto 38
38:     ans = b
39:     goto 40
40:     return ans

41: isEven: 
42:     t0 = 2
43:     t1 = x % t0
44:     t2 = 0
45:     if t1 == t2 goto 48
46:     goto 50
47:     goto 55
48:     t3 = 1
49:     goto 53
50:     t4 = 0
51:     t5 = t4
52:     goto 55
53:     t5 = t3
54:     goto 55
55:     ans = t5
56:     return ans

57: main: 
58:     t0 = 5
59:     a = t0
60:     t1 = 7
61:     b = t1
62:     t2 = 13
63:     t3 = -t2
64:     c = t3
65:     param a
66:     param b
67:     param c
68:     t4 = call getMaxOfThree, 3
69:     mx = t4
70:     t5 = 55
71:     num1 = t5
72:     param num1
73:     t6 = call isEven, 1
74:     flag1 = t6
75:     t7 = 48
76:     num2 = t7
77:     param num2
78:     t8 = call isEven, 1
79:     flag2 = t8
80:     t9 = 0
81:     return t9
--------------------------------------------------------------------------------------------------------------
--------------------------------------------------------------------------------------------------------------
Table Name: Global                                                Parent Name: NULL
--------------------------------------------------------------------------------------------------------------
Name                                  Type                Initial Value       Size           Offset         Nested
                                                                                                    
getMaxOfThree                           int                 -                   4              0              getMaxOfThree
isEven                                  int                 -                   4              4              isEven
main                                    int                 -                   4              8              main
--------------------------------------------------------------------------------------------------------------

--------------------------------------------------------------------------------------------------------------
Table Name: getMaxOfThree                                         Parent Name: Global
--------------------------------------------------------------------------------------------------------------
Name                                  Type                Initial Value       Size           Offset         Nested
                                                                                                    
a                                       int                 -                   4              0              NULL
b                                       int                 -                   4              4              NULL
c                                       int                 -                   4              8              NULL
return                                  int                 -                   4              12             NULL
ans                                     int                 -                   4              16             NULL
t0                                      int                 1                   4              20             NULL
t1                                      int                                     4              24             NULL
getMaxOfThree.$0                        func                -                   4              28             getMaxOfThree.$0
getMaxOfThree.$2                        func                -                   4              32             getMaxOfThree.$2
getMaxOfThree.$4                        func                -                   4              36             getMaxOfThree.$4
--------------------------------------------------------------------------------------------------------------

--------------------------------------------------------------------------------------------------------------
Table Name: getMaxOfThree.$0                                      Parent Name: getMaxOfThree
--------------------------------------------------------------------------------------------------------------
Name                                  Type                Initial Value       Size           Offset         Nested
                                                                                                    
getMaxOfThree.$0.$1                     func                -                   4              0              getMaxOfThree.$0.$1
t0                                      int                                     4              4              NULL
--------------------------------------------------------------------------------------------------------------

--------------------------------------------------------------------------------------------------------------
Table Name: getMaxOfThree.$0.$1                                   Parent Name: getMaxOfThree.$0
--------------------------------------------------------------------------------------------------------------
Name                                  Type                Initial Value       Size           Offset         Nested
                                                                                                    
t0                                      int                                     4              0              NULL
--------------------------------------------------------------------------------------------------------------

--------------------------------------------------------------------------------------------------------------
Table Name: getMaxOfThree.$2                                      Parent Name: getMaxOfThree
--------------------------------------------------------------------------------------------------------------
Name                                  Type                Initial Value       Size           Offset         Nested
                                                                                                    
getMaxOfThree.$2.$3                     func                -                   4              0              getMaxOfThree.$2.$3
t0                                      int                                     4              4              NULL
--------------------------------------------------------------------------------------------------------------

--------------------------------------------------------------------------------------------------------------
Table Name: getMaxOfThree.$2.$3                                   Parent Name: getMaxOfThree.$2
--------------------------------------------------------------------------------------------------------------
Name                                  Type                Initial Value       Size           Offset         Nested
                                                                                                    
t0                                      int                                     4              0              NULL
--------------------------------------------------------------------------------------------------------------

--------------------------------------------------------------------------------------------------------------
Table Name: getMaxOfThree.$4                                      Parent Name: getMaxOfThree
--------------------------------------------------------------------------------------------------------------
Name                                  Type                Initial Value       Size           Offset         Nested
                                                                                                    
getMaxOfThree.$4.$5                     func                -                   4              0              getMaxOfThree.$4.$5
t0                                      int                                     4              4              NULL
--------------------------------------------------------------------------------------------------------------

--------------------------------------------------------------------------------------------------------------
Table Name: getMaxOfThree.$4.$5                                   Parent Name: getMaxOfThree.$4
--------------------------------------------------------------------------------------------------------------
Name                                  Type                Initial Value       Size           Offset         Nested
                                                                                                    
t0                                      int                                     4              0              NULL
--------------------------------------------------------------------------------------------------------------

--------------------------------------------------------------------------------------------------------------
Table Name: isEven                                                Parent Name: Global
--------------------------------------------------------------------------------------------------------------
Name                                  Type                Initial Value       Size           Offset         Nested
                                                                                                    
x                                       int                 -                   4              0              NULL
return                                  int                 -                   4              4              NULL
ans                                     int                 -                   4              8              NULL
t0                                      int                 2                   4              12             NULL
t1                                      int                                     4              16             NULL
t2                                      int                 0                   4              20             NULL
t3                                      int                 1                   4              24             NULL
t4                                      int                 0                   4              28             NULL
t5                                      int                                     4              32             NULL
--------------------------------------------------------------------------------------------------------------

--------------------------------------------------------------------------------------------------------------
Table Name: main                                                  Parent Name: Global
--------------------------------------------------------------------------------------------------------------
Name                                  Type                Initial Value       Size           Offset         Nested
                                                                                                    
return                                  int                 -                   4              0              NULL
a                                       int                 5                   4              4              NULL
t0                                      int                 5                   4              8              NULL
b                                       int                 7                   4              12             NULL
t1                                      int                 7                   4              16             NULL
c                                       int                 -                   4              20             NULL
t2                                      int                 13                  4              24             NULL
t3                                      int                                     4              28             NULL
mx                                      int                 -                   4              32             NULL
t4                                      int                                     4              36             NULL
num1                                    int                 55                  4              40             NULL
t5                                      int                 55                  4              44             NULL
flag1                                   int                 -                   4              48             NULL
t6                                      int                                     4              52             NULL
num2                                    int                 48                  4              56             NULL
t7                                      int                 48                  4              60             NULL
flag2                                   int                 -                   4              64             NULL
t8                                      int                                     4              68             NULL
t9                                      int                 0                   4              72             NULL
--------------------------------------------------------------------------------------------------------------

